# JRE version: OpenJDK Runtime Environment (11.0.10) (build 11.0.10+0-b96-7249189)
# Java VM: OpenJDK 64-Bit Server VM (11.0.10+0-b96-7249189, mixed mode, tiered, compressed oops, g1 gc, windows-amd64)
Heap:
 garbage-first heap   total 1198080K, used 257613K [0x0000000080000000, 0x0000000100000000)
  region size 1024K, 2 young (2048K), 2 survivors (2048K)
 Metaspace       used 159740K, capacity 164077K, committed 165832K, reserved 1193984K
  class space    used 19517K, capacity 21083K, committed 21888K, reserved 1048576K
GC Heap History (20 events):
Event: 5792.918 GC heap after
{Heap after GC invocations=220 (full 0):
 garbage-first heap   total 598016K, used 203423K [0x0000000080000000, 0x0000000100000000)
  region size 1024K, 22 young (22528K), 22 survivors (22528K)
 Metaspace       used 159728K, capacity 164076K, committed 165832K, reserved 1193984K
  class space    used 19517K, capacity 21083K, committed 21888K, reserved 1048576K
}
Event: 5792.933 GC heap before
{Heap before GC invocations=220 (full 0):
 garbage-first heap   total 598016K, used 210591K [0x0000000080000000, 0x0000000100000000)
  region size 1024K, 29 young (29696K), 22 survivors (22528K)
 Metaspace       used 159728K, capacity 164076K, committed 165832K, reserved 1193984K
  class space    used 19517K, capacity 21083K, committed 21888K, reserved 1048576K
}
Event: 5793.333 GC heap after
{Heap after GC invocations=221 (full 0):
 garbage-first heap   total 598016K, used 204519K [0x0000000080000000, 0x0000000100000000)
  region size 1024K, 4 young (4096K), 4 survivors (4096K)
 Metaspace       used 159728K, capacity 164076K, committed 165832K, reserved 1193984K
  class space    used 19517K, capacity 21083K, committed 21888K, reserved 1048576K
}
Event: 5793.370 GC heap before
{Heap before GC invocations=221 (full 0):
 garbage-first heap   total 598016K, used 207591K [0x0000000080000000, 0x0000000100000000)
  region size 1024K, 8 young (8192K), 4 survivors (4096K)
 Metaspace       used 159728K, capacity 164076K, committed 165832K, reserved 1193984K
  class space    used 19517K, capacity 21083K, committed 21888K, reserved 1048576K
}
Event: 5793.431 GC heap after
{Heap after GC invocations=222 (full 0):
 garbage-first heap   total 598016K, used 205800K [0x0000000080000000, 0x0000000100000000)
  region size 1024K, 2 young (2048K), 2 survivors (2048K)
 Metaspace       used 159728K, capacity 164076K, committed 165832K, reserved 1193984K
  class space    used 19517K, capacity 21083K, committed 21888K, reserved 1048576K
}
Event: 5793.945 GC heap before
{Heap before GC invocations=223 (full 0):
 garbage-first heap   total 598016K, used 289768K [0x0000000080000000, 0x0000000100000000)
  region size 1024K, 96 young (98304K), 2 survivors (2048K)
 Metaspace       used 159731K, capacity 164076K, committed 165832K, reserved 1193984K
  class space    used 19517K, capacity 21083K, committed 21888K, reserved 1048576K
}
Event: 5796.086 GC heap after
{Heap after GC invocations=224 (full 0):
 garbage-first heap   total 598016K, used 243712K [0x0000000080000000, 0x0000000100000000)
  region size 1024K, 12 young (12288K), 12 survivors (12288K)
 Metaspace       used 159731K, capacity 164076K, committed 165832K, reserved 1193984K
  class space    used 19517K, capacity 21083K, committed 21888K, reserved 1048576K
}
Event: 5796.167 GC heap before
{Heap before GC invocations=224 (full 0):
 garbage-first heap   total 598016K, used 261120K [0x0000000080000000, 0x0000000100000000)
  region size 1024K, 29 young (29696K), 12 survivors (12288K)
 Metaspace       used 159739K, capacity 164077K, committed 165832K, reserved 1193984K
  class space    used 19517K, capacity 21083K, committed 21888K, reserved 1048576K
}
Event: 5796.962 GC heap after
{Heap after GC invocations=225 (full 0):
 garbage-first heap   total 598016K, used 238499K [0x0000000080000000, 0x0000000100000000)
  region size 1024K, 4 young (4096K), 4 survivors (4096K)
 Metaspace       used 159739K, capacity 164077K, committed 165832K, reserved 1193984K
  class space    used 19517K, capacity 21083K, committed 21888K, reserved 1048576K
}
Event: 5797.114 GC heap before
{Heap before GC invocations=225 (full 0):
 garbage-first heap   total 598016K, used 264099K [0x0000000080000000, 0x0000000100000000)
  region size 1024K, 29 young (29696K), 4 survivors (4096K)
 Metaspace       used 159739K, capacity 164077K, committed 165832K, reserved 1193984K
  class space    used 19517K, capacity 21083K, committed 21888K, reserved 1048576K
}
Event: 5797.171 GC heap after
{Heap after GC invocations=226 (full 0):
 garbage-first heap   total 598016K, used 240061K [0x0000000080000000, 0x0000000100000000)
  region size 1024K, 4 young (4096K), 4 survivors (4096K)
 Metaspace       used 159739K, capacity 164077K, committed 165832K, reserved 1193984K
  class space    used 19517K, capacity 21083K, committed 21888K, reserved 1048576K
}
Event: 5797.270 GC heap before
{Heap before GC invocations=226 (full 0):
 garbage-first heap   total 598016K, used 255421K [0x0000000080000000, 0x0000000100000000)
  region size 1024K, 21 young (21504K), 4 survivors (4096K)
 Metaspace       used 159740K, capacity 164077K, committed 165832K, reserved 1193984K
  class space    used 19517K, capacity 21083K, committed 21888K, reserved 1048576K
}
Event: 5797.280 GC heap after
{Heap after GC invocations=227 (full 0):
 garbage-first heap   total 598016K, used 242364K [0x0000000080000000, 0x0000000100000000)
  region size 1024K, 3 young (3072K), 3 survivors (3072K)
 Metaspace       used 159740K, capacity 164077K, committed 165832K, reserved 1193984K
  class space    used 19517K, capacity 21083K, committed 21888K, reserved 1048576K
}
Event: 5798.328 GC heap before
{Heap before GC invocations=228 (full 0):
 garbage-first heap   total 598016K, used 329404K [0x0000000080000000, 0x0000000100000000)
  region size 1024K, 77 young (78848K), 3 survivors (3072K)
 Metaspace       used 159740K, capacity 164077K, committed 165832K, reserved 1193984K
  class space    used 19517K, capacity 21083K, committed 21888K, reserved 1048576K
}
Event: 5798.350 GC heap after
{Heap after GC invocations=229 (full 0):
 garbage-first heap   total 598016K, used 259707K [0x0000000080000000, 0x0000000100000000)
  region size 1024K, 9 young (9216K), 9 survivors (9216K)
 Metaspace       used 159740K, capacity 164077K, committed 165832K, reserved 1193984K
  class space    used 19517K, capacity 21083K, committed 21888K, reserved 1048576K
}
Event: 5798.398 GC heap before
{Heap before GC invocations=229 (full 0):
 garbage-first heap   total 598016K, used 280187K [0x0000000080000000, 0x0000000100000000)
  region size 1024K, 29 young (29696K), 9 survivors (9216K)
 Metaspace       used 159740K, capacity 164077K, committed 165832K, reserved 1193984K
  class space    used 19517K, capacity 21083K, committed 21888K, reserved 1048576K
}
Event: 5799.707 GC heap after
{Heap after GC invocations=230 (full 0):
 garbage-first heap   total 598016K, used 254656K [0x0000000080000000, 0x0000000100000000)
  region size 1024K, 4 young (4096K), 4 survivors (4096K)
 Metaspace       used 159740K, capacity 164077K, committed 165832K, reserved 1193984K
  class space    used 19517K, capacity 21083K, committed 21888K, reserved 1048576K
}
Event: 5799.747 GC heap before
{Heap before GC invocations=230 (full 0):
 garbage-first heap   total 598016K, used 280256K [0x0000000080000000, 0x0000000100000000)
  region size 1024K, 29 young (29696K), 4 survivors (4096K)
 Metaspace       used 159740K, capacity 164077K, committed 165832K, reserved 1193984K
  class space    used 19517K, capacity 21083K, committed 21888K, reserved 1048576K
}
Event: 5800.148 GC heap after
{Heap after GC invocations=231 (full 0):
 garbage-first heap   total 598016K, used 255299K [0x0000000080000000, 0x0000000100000000)
  region size 1024K, 4 young (4096K), 4 survivors (4096K)
 Metaspace       used 159740K, capacity 164077K, committed 165832K, reserved 1193984K
  class space    used 19517K, capacity 21083K, committed 21888K, reserved 1048576K
}
Event: 5800.190 GC heap before
{Heap before GC invocations=231 (full 0):
 garbage-first heap   total 598016K, used 262467K [0x0000000080000000, 0x0000000100000000)
  region size 1024K, 12 young (12288K), 4 survivors (4096K)
 Metaspace       used 159740K, capacity 164077K, committed 165832K, reserved 1193984K
  class space    used 19517K, capacity 21083K, committed 21888K, reserved 1048576K
}

