# JRE version: OpenJDK Runtime Environment (11.0.10) (build 11.0.10+0-b96-7249189)
# Java VM: OpenJDK 64-Bit Server VM (11.0.10+0-b96-7249189, mixed mode, tiered, compressed oops, g1 gc, windows-amd64)
Heap:
 garbage-first heap   total 516096K, used 194292K [0x0000000080000000, 0x0000000100000000)
  region size 1024K, 53 young (54272K), 6 survivors (6144K)
 Metaspace       used 136923K, capacity 140699K, committed 140812K, reserved 1171456K
  class space    used 16938K, capacity 18351K, committed 18380K, reserved 1048576K
GC Heap History (20 events):
Event: 263.604 GC heap before
{Heap before GC invocations=71 (full 0):
 garbage-first heap   total 516096K, used 256000K [0x0000000080000000, 0x0000000100000000)
  region size 1024K, 33 young (33792K), 3 survivors (3072K)
 Metaspace       used 135502K, capacity 139117K, committed 139276K, reserved 1171456K
  class space    used 16843K, capacity 18260K, committed 18380K, reserved 1048576K
}
Event: 263.618 GC heap after
{Heap after GC invocations=72 (full 0):
 garbage-first heap   total 516096K, used 228864K [0x0000000080000000, 0x0000000100000000)
  region size 1024K, 5 young (5120K), 5 survivors (5120K)
 Metaspace       used 135502K, capacity 139117K, committed 139276K, reserved 1171456K
  class space    used 16843K, capacity 18260K, committed 18380K, reserved 1048576K
}
Event: 265.100 GC heap before
{Heap before GC invocations=73 (full 0):
 garbage-first heap   total 516096K, used 369152K [0x0000000080000000, 0x0000000100000000)
  region size 1024K, 127 young (130048K), 5 survivors (5120K)
 Metaspace       used 135507K, capacity 139117K, committed 139276K, reserved 1171456K
  class space    used 16843K, capacity 18260K, committed 18380K, reserved 1048576K
}
Event: 265.147 GC heap after
{Heap after GC invocations=74 (full 0):
 garbage-first heap   total 516096K, used 257664K [0x0000000080000000, 0x0000000100000000)
  region size 1024K, 16 young (16384K), 16 survivors (16384K)
 Metaspace       used 135507K, capacity 139117K, committed 139276K, reserved 1171456K
  class space    used 16843K, capacity 18260K, committed 18380K, reserved 1048576K
}
Event: 265.181 GC heap before
{Heap before GC invocations=74 (full 0):
 garbage-first heap   total 516096K, used 266880K [0x0000000080000000, 0x0000000100000000)
  region size 1024K, 25 young (25600K), 16 survivors (16384K)
 Metaspace       used 135507K, capacity 139117K, committed 139276K, reserved 1171456K
  class space    used 16843K, capacity 18260K, committed 18380K, reserved 1048576K
}
Event: 265.251 GC heap after
{Heap after GC invocations=75 (full 0):
 garbage-first heap   total 516096K, used 249083K [0x0000000080000000, 0x0000000100000000)
  region size 1024K, 3 young (3072K), 3 survivors (3072K)
 Metaspace       used 135507K, capacity 139117K, committed 139276K, reserved 1171456K
  class space    used 16843K, capacity 18260K, committed 18380K, reserved 1048576K
}
Event: 265.262 GC heap before
{Heap before GC invocations=75 (full 0):
 garbage-first heap   total 516096K, used 256251K [0x0000000080000000, 0x0000000100000000)
  region size 1024K, 11 young (11264K), 3 survivors (3072K)
 Metaspace       used 135507K, capacity 139117K, committed 139276K, reserved 1171456K
  class space    used 16843K, capacity 18260K, committed 18380K, reserved 1048576K
}
Event: 265.271 GC heap after
{Heap after GC invocations=76 (full 0):
 garbage-first heap   total 516096K, used 249469K [0x0000000080000000, 0x0000000100000000)
  region size 1024K, 4 young (4096K), 4 survivors (4096K)
 Metaspace       used 135507K, capacity 139117K, committed 139276K, reserved 1171456K
  class space    used 16843K, capacity 18260K, committed 18380K, reserved 1048576K
}
Event: 288.379 GC heap before
{Heap before GC invocations=77 (full 0):
 garbage-first heap   total 516096K, used 410237K [0x0000000080000000, 0x0000000100000000)
  region size 1024K, 134 young (137216K), 4 survivors (4096K)
 Metaspace       used 135836K, capacity 139491K, committed 139788K, reserved 1171456K
  class space    used 16877K, capacity 18269K, committed 18380K, reserved 1048576K
}
Event: 288.392 GC heap after
{Heap after GC invocations=78 (full 0):
 garbage-first heap   total 516096K, used 251131K [0x0000000080000000, 0x0000000100000000)
  region size 1024K, 6 young (6144K), 6 survivors (6144K)
 Metaspace       used 135836K, capacity 139491K, committed 139788K, reserved 1171456K
  class space    used 16877K, capacity 18269K, committed 18380K, reserved 1048576K
}
Event: 373.278 GC heap before
{Heap before GC invocations=78 (full 0):
 garbage-first heap   total 516096K, used 269563K [0x0000000080000000, 0x0000000100000000)
  region size 1024K, 25 young (25600K), 6 survivors (6144K)
 Metaspace       used 136066K, capacity 139752K, committed 140044K, reserved 1171456K
  class space    used 16909K, capacity 18308K, committed 18380K, reserved 1048576K
}
Event: 373.308 GC heap after
{Heap after GC invocations=79 (full 0):
 garbage-first heap   total 516096K, used 251890K [0x0000000080000000, 0x0000000100000000)
  region size 1024K, 2 young (2048K), 2 survivors (2048K)
 Metaspace       used 136066K, capacity 139752K, committed 140044K, reserved 1171456K
  class space    used 16909K, capacity 18308K, committed 18380K, reserved 1048576K
}
Event: 390.914 GC heap before
{Heap before GC invocations=79 (full 0):
 garbage-first heap   total 516096K, used 327666K [0x0000000080000000, 0x0000000100000000)
  region size 1024K, 78 young (79872K), 2 survivors (2048K)
 Metaspace       used 136474K, capacity 140302K, committed 140556K, reserved 1171456K
  class space    used 16922K, capacity 18331K, committed 18380K, reserved 1048576K
}
Event: 390.929 GC heap after
{Heap after GC invocations=80 (full 0):
 garbage-first heap   total 516096K, used 257272K [0x0000000080000000, 0x0000000100000000)
  region size 1024K, 8 young (8192K), 8 survivors (8192K)
 Metaspace       used 136474K, capacity 140302K, committed 140556K, reserved 1171456K
  class space    used 16922K, capacity 18331K, committed 18380K, reserved 1048576K
}
Event: 394.244 GC heap before
{Heap before GC invocations=81 (full 0):
 garbage-first heap   total 516096K, used 277752K [0x0000000080000000, 0x0000000100000000)
  region size 1024K, 135 young (138240K), 8 survivors (8192K)
 Metaspace       used 136863K, capacity 140567K, committed 140812K, reserved 1171456K
  class space    used 16938K, capacity 18351K, committed 18380K, reserved 1048576K
}
Event: 394.263 GC heap after
{Heap after GC invocations=82 (full 0):
 garbage-first heap   total 516096K, used 152849K [0x0000000080000000, 0x0000000100000000)
  region size 1024K, 16 young (16384K), 16 survivors (16384K)
 Metaspace       used 136863K, capacity 140567K, committed 140812K, reserved 1171456K
  class space    used 16938K, capacity 18351K, committed 18380K, reserved 1048576K
}
Event: 394.290 GC heap before
{Heap before GC invocations=82 (full 0):
 garbage-first heap   total 516096K, used 161041K [0x0000000080000000, 0x0000000100000000)
  region size 1024K, 25 young (25600K), 16 survivors (16384K)
 Metaspace       used 136871K, capacity 140568K, committed 140812K, reserved 1171456K
  class space    used 16938K, capacity 18351K, committed 18380K, reserved 1048576K
}
Event: 394.459 GC heap after
{Heap after GC invocations=83 (full 0):
 garbage-first heap   total 516096K, used 135685K [0x0000000080000000, 0x0000000100000000)
  region size 1024K, 3 young (3072K), 3 survivors (3072K)
 Metaspace       used 136871K, capacity 140568K, committed 140812K, reserved 1171456K
  class space    used 16938K, capacity 18351K, committed 18380K, reserved 1048576K
}
Event: 394.850 GC heap before
{Heap before GC invocations=83 (full 0):
 garbage-first heap   total 516096K, used 185861K [0x0000000080000000, 0x0000000100000000)
  region size 1024K, 53 young (54272K), 3 survivors (3072K)
 Metaspace       used 136874K, capacity 140569K, committed 140812K, reserved 1171456K
  class space    used 16938K, capacity 18351K, committed 18380K, reserved 1048576K
}
Event: 394.859 GC heap after
{Heap after GC invocations=84 (full 0):
 garbage-first heap   total 516096K, used 137972K [0x0000000080000000, 0x0000000100000000)
  region size 1024K, 6 young (6144K), 6 survivors (6144K)
 Metaspace       used 136874K, capacity 140569K, committed 140812K, reserved 1171456K
  class space    used 16938K, capacity 18351K, committed 18380K, reserved 1048576K
}

