# JRE version: OpenJDK Runtime Environment (11.0.10) (build 11.0.10+0-b96-7249189)
# Java VM: OpenJDK 64-Bit Server VM (11.0.10+0-b96-7249189, mixed mode, tiered, compressed oops, g1 gc, windows-amd64)
Heap:
 garbage-first heap   total 295936K, used 132817K [0x0000000080000000, 0x0000000100000000)
  region size 1024K, 6 young (6144K), 6 survivors (6144K)
 Metaspace       used 127458K, capacity 131086K, committed 131328K, reserved 1163264K
  class space    used 15913K, capacity 17294K, committed 17408K, reserved 1048576K
GC Heap History (20 events):
Event: 508.185 GC heap after
{Heap after GC invocations=91 (full 0):
 garbage-first heap   total 189440K, used 117188K [0x0000000080000000, 0x0000000100000000)
  region size 1024K, 2 young (2048K), 2 survivors (2048K)
 Metaspace       used 125487K, capacity 129126K, committed 129280K, reserved 1161216K
  class space    used 15898K, capacity 17285K, committed 17408K, reserved 1048576K
}
Event: 508.518 GC heap before
{Heap before GC invocations=91 (full 0):
 garbage-first heap   total 189440K, used 156100K [0x0000000080000000, 0x0000000100000000)
  region size 1024K, 41 young (41984K), 2 survivors (2048K)
 Metaspace       used 125936K, capacity 129602K, committed 129792K, reserved 1161216K
  class space    used 15905K, capacity 17289K, committed 17408K, reserved 1048576K
}
Event: 508.520 GC heap after
{Heap after GC invocations=92 (full 0):
 garbage-first heap   total 189440K, used 114826K [0x0000000080000000, 0x0000000100000000)
  region size 1024K, 1 young (1024K), 1 survivors (1024K)
 Metaspace       used 125936K, capacity 129602K, committed 129792K, reserved 1161216K
  class space    used 15905K, capacity 17289K, committed 17408K, reserved 1048576K
}
Event: 508.916 GC heap before
{Heap before GC invocations=93 (full 0):
 garbage-first heap   total 189440K, used 159882K [0x0000000080000000, 0x0000000100000000)
  region size 1024K, 44 young (45056K), 1 survivors (1024K)
 Metaspace       used 126095K, capacity 129699K, committed 130048K, reserved 1161216K
  class space    used 15880K, capacity 17240K, committed 17408K, reserved 1048576K
}
Event: 508.925 GC heap after
{Heap after GC invocations=94 (full 0):
 garbage-first heap   total 189440K, used 124173K [0x0000000080000000, 0x0000000100000000)
  region size 1024K, 6 young (6144K), 6 survivors (6144K)
 Metaspace       used 126095K, capacity 129699K, committed 130048K, reserved 1161216K
  class space    used 15880K, capacity 17240K, committed 17408K, reserved 1048576K
}
Event: 508.928 GC heap before
{Heap before GC invocations=94 (full 0):
 garbage-first heap   total 189440K, used 127245K [0x0000000080000000, 0x0000000100000000)
  region size 1024K, 9 young (9216K), 6 survivors (6144K)
 Metaspace       used 126095K, capacity 129699K, committed 130048K, reserved 1161216K
  class space    used 15880K, capacity 17240K, committed 17408K, reserved 1048576K
}
Event: 508.937 GC heap after
{Heap after GC invocations=95 (full 0):
 garbage-first heap   total 189440K, used 122902K [0x0000000080000000, 0x0000000100000000)
  region size 1024K, 1 young (1024K), 1 survivors (1024K)
 Metaspace       used 126095K, capacity 129699K, committed 130048K, reserved 1161216K
  class space    used 15880K, capacity 17240K, committed 17408K, reserved 1048576K
}
Event: 509.068 GC heap before
{Heap before GC invocations=95 (full 0):
 garbage-first heap   total 189440K, used 155670K [0x0000000080000000, 0x0000000100000000)
  region size 1024K, 33 young (33792K), 1 survivors (1024K)
 Metaspace       used 126270K, capacity 129842K, committed 130048K, reserved 1161216K
  class space    used 15881K, capacity 17241K, committed 17408K, reserved 1048576K
}
Event: 509.079 GC heap after
{Heap after GC invocations=96 (full 0):
 garbage-first heap   total 189440K, used 128547K [0x0000000080000000, 0x0000000100000000)
  region size 1024K, 5 young (5120K), 5 survivors (5120K)
 Metaspace       used 126270K, capacity 129842K, committed 130048K, reserved 1161216K
  class space    used 15881K, capacity 17241K, committed 17408K, reserved 1048576K
}
Event: 509.381 GC heap before
{Heap before GC invocations=97 (full 0):
 garbage-first heap   total 189440K, used 155171K [0x0000000080000000, 0x0000000100000000)
  region size 1024K, 32 young (32768K), 5 survivors (5120K)
 Metaspace       used 126507K, capacity 130048K, committed 130304K, reserved 1163264K
  class space    used 15883K, capacity 17241K, committed 17408K, reserved 1048576K
}
Event: 509.391 GC heap after
{Heap after GC invocations=98 (full 0):
 garbage-first heap   total 189440K, used 131248K [0x0000000080000000, 0x0000000100000000)
  region size 1024K, 3 young (3072K), 3 survivors (3072K)
 Metaspace       used 126507K, capacity 130048K, committed 130304K, reserved 1163264K
  class space    used 15883K, capacity 17241K, committed 17408K, reserved 1048576K
}
Event: 509.449 GC heap before
{Heap before GC invocations=98 (full 0):
 garbage-first heap   total 189440K, used 139440K [0x0000000080000000, 0x0000000100000000)
  region size 1024K, 9 young (9216K), 3 survivors (3072K)
 Metaspace       used 126513K, capacity 130051K, committed 130304K, reserved 1163264K
  class space    used 15883K, capacity 17241K, committed 17408K, reserved 1048576K
}
Event: 509.463 GC heap after
{Heap after GC invocations=99 (full 0):
 garbage-first heap   total 227328K, used 119901K [0x0000000080000000, 0x0000000100000000)
  region size 1024K, 2 young (2048K), 2 survivors (2048K)
 Metaspace       used 126513K, capacity 130051K, committed 130304K, reserved 1163264K
  class space    used 15883K, capacity 17241K, committed 17408K, reserved 1048576K
}
Event: 509.883 GC heap before
{Heap before GC invocations=99 (full 0):
 garbage-first heap   total 227328K, used 164957K [0x0000000080000000, 0x0000000100000000)
  region size 1024K, 47 young (48128K), 2 survivors (2048K)
 Metaspace       used 126959K, capacity 130543K, committed 130816K, reserved 1163264K
  class space    used 15908K, capacity 17292K, committed 17408K, reserved 1048576K
}
Event: 509.898 GC heap after
{Heap after GC invocations=100 (full 0):
 garbage-first heap   total 227328K, used 128563K [0x0000000080000000, 0x0000000100000000)
  region size 1024K, 6 young (6144K), 6 survivors (6144K)
 Metaspace       used 126959K, capacity 130543K, committed 130816K, reserved 1163264K
  class space    used 15908K, capacity 17292K, committed 17408K, reserved 1048576K
}
Event: 510.355 GC heap before
{Heap before GC invocations=101 (full 0):
 garbage-first heap   total 227328K, used 172595K [0x0000000080000000, 0x0000000100000000)
  region size 1024K, 49 young (50176K), 6 survivors (6144K)
 Metaspace       used 127416K, capacity 131080K, committed 131328K, reserved 1163264K
  class space    used 15912K, capacity 17293K, committed 17408K, reserved 1048576K
}
Event: 510.363 GC heap after
{Heap after GC invocations=102 (full 0):
 garbage-first heap   total 227328K, used 134144K [0x0000000080000000, 0x0000000100000000)
  region size 1024K, 6 young (6144K), 6 survivors (6144K)
 Metaspace       used 127416K, capacity 131080K, committed 131328K, reserved 1163264K
  class space    used 15912K, capacity 17293K, committed 17408K, reserved 1048576K
}
Event: 510.379 GC heap before
{Heap before GC invocations=102 (full 0):
 garbage-first heap   total 227328K, used 138240K [0x0000000080000000, 0x0000000100000000)
  region size 1024K, 11 young (11264K), 6 survivors (6144K)
 Metaspace       used 127418K, capacity 131080K, committed 131328K, reserved 1163264K
  class space    used 15912K, capacity 17293K, committed 17408K, reserved 1048576K
}
Event: 510.386 GC heap after
{Heap after GC invocations=103 (full 0):
 garbage-first heap   total 227328K, used 126244K [0x0000000080000000, 0x0000000100000000)
  region size 1024K, 2 young (2048K), 2 survivors (2048K)
 Metaspace       used 127418K, capacity 131080K, committed 131328K, reserved 1163264K
  class space    used 15912K, capacity 17293K, committed 17408K, reserved 1048576K
}
Event: 510.525 GC heap before
{Heap before GC invocations=103 (full 0):
 garbage-first heap   total 227328K, used 171300K [0x0000000080000000, 0x0000000100000000)
  region size 1024K, 46 young (47104K), 2 survivors (2048K)
 Metaspace       used 127458K, capacity 131086K, committed 131328K, reserved 1163264K
  class space    used 15913K, capacity 17294K, committed 17408K, reserved 1048576K
}

