# JRE version: OpenJDK Runtime Environment (11.0.10) (build 11.0.10+0-b96-7249189)
# Java VM: OpenJDK 64-Bit Server VM (11.0.10+0-b96-7249189, mixed mode, tiered, compressed oops, g1 gc, windows-amd64)
Heap:
 garbage-first heap   total 189440K, used 69376K [0x0000000080e00000, 0x0000000100000000)
  region size 1024K, 9 young (9216K), 4 survivors (4096K)
 Metaspace       used 79444K, capacity 80265K, committed 80512K, reserved 1120256K
  class space    used 8706K, capacity 9032K, committed 9088K, reserved 1048576K
GC Heap History (20 events):
Event: 0.490 GC heap before
{Heap before GC invocations=0 (full 0):
 garbage-first heap   total 131072K, used 17408K [0x0000000080e00000, 0x0000000100000000)
  region size 1024K, 14 young (14336K), 0 survivors (0K)
 Metaspace       used 9787K, capacity 9871K, committed 10112K, reserved 1058816K
  class space    used 829K, capacity 884K, committed 896K, reserved 1048576K
}
Event: 0.492 GC heap after
{Heap after GC invocations=1 (full 0):
 garbage-first heap   total 131072K, used 5156K [0x0000000080e00000, 0x0000000100000000)
  region size 1024K, 2 young (2048K), 2 survivors (2048K)
 Metaspace       used 9787K, capacity 9871K, committed 10112K, reserved 1058816K
  class space    used 829K, capacity 884K, committed 896K, reserved 1048576K
}
Event: 1.460 GC heap before
{Heap before GC invocations=1 (full 0):
 garbage-first heap   total 131072K, used 51236K [0x0000000080e00000, 0x0000000100000000)
  region size 1024K, 48 young (49152K), 2 survivors (2048K)
 Metaspace       used 20932K, capacity 21102K, committed 21248K, reserved 1069056K
  class space    used 2220K, capacity 2286K, committed 2304K, reserved 1048576K
}
Event: 1.470 GC heap after
{Heap after GC invocations=2 (full 0):
 garbage-first heap   total 131072K, used 9478K [0x0000000080e00000, 0x0000000100000000)
  region size 1024K, 7 young (7168K), 7 survivors (7168K)
 Metaspace       used 20932K, capacity 21102K, committed 21248K, reserved 1069056K
  class space    used 2220K, capacity 2286K, committed 2304K, reserved 1048576K
}
Event: 2.442 GC heap before
{Heap before GC invocations=3 (full 0):
 garbage-first heap   total 131072K, used 71942K [0x0000000080e00000, 0x0000000100000000)
  region size 1024K, 56 young (57344K), 7 survivors (7168K)
 Metaspace       used 30864K, capacity 31211K, committed 31488K, reserved 1077248K
  class space    used 3660K, capacity 3793K, committed 3840K, reserved 1048576K
}
Event: 2.456 GC heap after
{Heap after GC invocations=4 (full 0):
 garbage-first heap   total 131072K, used 24046K [0x0000000080e00000, 0x0000000100000000)
  region size 1024K, 7 young (7168K), 7 survivors (7168K)
 Metaspace       used 30864K, capacity 31211K, committed 31488K, reserved 1077248K
  class space    used 3660K, capacity 3793K, committed 3840K, reserved 1048576K
}
Event: 2.807 GC heap before
{Heap before GC invocations=4 (full 0):
 garbage-first heap   total 131072K, used 43502K [0x0000000080e00000, 0x0000000100000000)
  region size 1024K, 27 young (27648K), 7 survivors (7168K)
 Metaspace       used 34975K, capacity 35407K, committed 35584K, reserved 1081344K
  class space    used 4086K, capacity 4251K, committed 4352K, reserved 1048576K
}
Event: 2.814 GC heap after
{Heap after GC invocations=5 (full 0):
 garbage-first heap   total 131072K, used 24245K [0x0000000080e00000, 0x0000000100000000)
  region size 1024K, 3 young (3072K), 3 survivors (3072K)
 Metaspace       used 34975K, capacity 35407K, committed 35584K, reserved 1081344K
  class space    used 4086K, capacity 4251K, committed 4352K, reserved 1048576K
}
Event: 3.792 GC heap before
{Heap before GC invocations=6 (full 0):
 garbage-first heap   total 131072K, used 95925K [0x0000000080e00000, 0x0000000100000000)
  region size 1024K, 72 young (73728K), 3 survivors (3072K)
 Metaspace       used 45755K, capacity 46259K, committed 46592K, reserved 1089536K
  class space    used 5342K, capacity 5513K, committed 5632K, reserved 1048576K
}
Event: 3.802 GC heap after
{Heap after GC invocations=7 (full 0):
 garbage-first heap   total 131072K, used 28591K [0x0000000080e00000, 0x0000000100000000)
  region size 1024K, 7 young (7168K), 7 survivors (7168K)
 Metaspace       used 45755K, capacity 46259K, committed 46592K, reserved 1089536K
  class space    used 5342K, capacity 5513K, committed 5632K, reserved 1048576K
}
Event: 5.139 GC heap before
{Heap before GC invocations=7 (full 0):
 garbage-first heap   total 131072K, used 97199K [0x0000000080e00000, 0x0000000100000000)
  region size 1024K, 72 young (73728K), 7 survivors (7168K)
 Metaspace       used 54203K, capacity 54759K, committed 54912K, reserved 1097728K
  class space    used 6247K, capacity 6489K, committed 6528K, reserved 1048576K
}
Event: 5.157 GC heap after
{Heap after GC invocations=8 (full 0):
 garbage-first heap   total 157696K, used 41045K [0x0000000080e00000, 0x0000000100000000)
  region size 1024K, 9 young (9216K), 9 survivors (9216K)
 Metaspace       used 54203K, capacity 54759K, committed 54912K, reserved 1097728K
  class space    used 6247K, capacity 6489K, committed 6528K, reserved 1048576K
}
Event: 6.273 GC heap before
{Heap before GC invocations=8 (full 0):
 garbage-first heap   total 157696K, used 90197K [0x0000000080e00000, 0x0000000100000000)
  region size 1024K, 58 young (59392K), 9 survivors (9216K)
 Metaspace       used 58895K, capacity 59547K, committed 59648K, reserved 1101824K
  class space    used 6840K, capacity 7122K, committed 7168K, reserved 1048576K
}
Event: 6.300 GC heap after
{Heap after GC invocations=9 (full 0):
 garbage-first heap   total 157696K, used 48951K [0x0000000080e00000, 0x0000000100000000)
  region size 1024K, 7 young (7168K), 7 survivors (7168K)
 Metaspace       used 58895K, capacity 59547K, committed 59648K, reserved 1101824K
  class space    used 6840K, capacity 7122K, committed 7168K, reserved 1048576K
}
Event: 7.942 GC heap before
{Heap before GC invocations=10 (full 0):
 garbage-first heap   total 157696K, used 109367K [0x0000000080e00000, 0x0000000100000000)
  region size 1024K, 66 young (67584K), 7 survivors (7168K)
 Metaspace       used 67580K, capacity 68333K, committed 68352K, reserved 1110016K
  class space    used 7633K, capacity 7935K, committed 7936K, reserved 1048576K
}
Event: 7.956 GC heap after
{Heap after GC invocations=11 (full 0):
 garbage-first heap   total 157696K, used 55206K [0x0000000080e00000, 0x0000000100000000)
  region size 1024K, 6 young (6144K), 6 survivors (6144K)
 Metaspace       used 67580K, capacity 68333K, committed 68352K, reserved 1110016K
  class space    used 7633K, capacity 7935K, committed 7936K, reserved 1048576K
}
Event: 8.969 GC heap before
{Heap before GC invocations=11 (full 0):
 garbage-first heap   total 157696K, used 114598K [0x0000000080e00000, 0x0000000100000000)
  region size 1024K, 64 young (65536K), 6 survivors (6144K)
 Metaspace       used 73749K, capacity 74545K, committed 74624K, reserved 1116160K
  class space    used 8253K, capacity 8576K, committed 8576K, reserved 1048576K
}
Event: 8.983 GC heap after
{Heap after GC invocations=12 (full 0):
 garbage-first heap   total 157696K, used 61908K [0x0000000080e00000, 0x0000000100000000)
  region size 1024K, 6 young (6144K), 6 survivors (6144K)
 Metaspace       used 73749K, capacity 74545K, committed 74624K, reserved 1116160K
  class space    used 8253K, capacity 8576K, committed 8576K, reserved 1048576K
}
Event: 9.767 GC heap before
{Heap before GC invocations=12 (full 0):
 garbage-first heap   total 157696K, used 119252K [0x0000000080e00000, 0x0000000100000000)
  region size 1024K, 62 young (63488K), 6 survivors (6144K)
 Metaspace       used 78704K, capacity 79493K, committed 79744K, reserved 1120256K
  class space    used 8650K, capacity 8967K, committed 9088K, reserved 1048576K
}
Event: 9.778 GC heap after
{Heap after GC invocations=13 (full 0):
 garbage-first heap   total 189440K, used 65280K [0x0000000080e00000, 0x0000000100000000)
  region size 1024K, 4 young (4096K), 4 survivors (4096K)
 Metaspace       used 78704K, capacity 79493K, committed 79744K, reserved 1120256K
  class space    used 8650K, capacity 8967K, committed 9088K, reserved 1048576K
}

